-------------------------------------------------------------------------------
Test set: com.fluex404.springboot_export_n_import.SpringbootExportNImportApplicationTests
-------------------------------------------------------------------------------
Tests run: 1, Failures: 0, Errors: 1, Skipped: 0, Time elapsed: 0.895 s <<< FAILURE! - in com.fluex404.springboot_export_n_import.SpringbootExportNImportApplicationTests
initializationError(com.fluex404.springboot_export_n_import.SpringbootExportNImportApplicationTests)  Time elapsed: 0.028 s  <<< ERROR!
java.lang.IllegalStateException: Unable to find a @SpringBootConfiguration, you need to use @ContextConfiguration or @SpringBootTest(classes=...) with your test

