<?xml version="1.0" encoding="UTF-8"?>
<testsuite xmlns:xsi="http://www.w3.org/2001/XMLSchema-instance" xsi:noNamespaceSchemaLocation="https://maven.apache.org/surefire/maven-surefire-plugin/xsd/surefire-test-report.xsd" name="com.fluex404.springboot_export_n_import.SpringbootExportNImportApplicationTests" time="0.895" tests="1" errors="1" skipped="0" failures="0">
  <properties>
[...]
</properties>
  <testcase name="initializationError" classname="com.fluex404.springboot_export_n_import.SpringbootExportNImportApplicationTests" time="0.028">
    <error message="Unable to find a @SpringBootConfiguration, you need to use @ContextConfiguration or @SpringBootTest(classes=...) with your test" type="java.lang.IllegalStateException">java.lang.IllegalStateException: Unable to find a @SpringBootConfiguration, you need to use @ContextConfiguration or @SpringBootTest(classes=...) with your test
</error>
    <system-out><![CDATA[17:31:07.810 [main] DEBUG org.springframework.test.context.junit4.SpringJUnit4ClassRunner - SpringJUnit4ClassRunner constructor called with [class com.fluex404.springboot_export_n_import.SpringbootExportNImportApplicationTests]
17:31:07.825 [main] DEBUG org.springframework.test.context.BootstrapUtils - Instantiating CacheAwareContextLoaderDelegate from class [org.springframework.test.context.cache.DefaultCacheAwareContextLoaderDelegate]
17:31:07.843 [main] DEBUG org.springframework.test.context.BootstrapUtils - Instantiating BootstrapContext using constructor [public org.springframework.test.context.support.DefaultBootstrapContext(java.lang.Class,org.springframework.test.context.CacheAwareContextLoaderDelegate)]
17:31:07.880 [main] DEBUG org.springframework.test.context.BootstrapUtils - Instantiating TestContextBootstrapper for test class [com.fluex404.springboot_export_n_import.SpringbootExportNImportApplicationTests] from class [org.springframework.boot.test.context.SpringBootTestContextBootstrapper]
17:31:07.916 [main] INFO org.springframework.boot.test.context.SpringBootTestContextBootstrapper - Neither @ContextConfiguration nor @ContextHierarchy found for test class [com.fluex404.springboot_export_n_import.SpringbootExportNImportApplicationTests], using SpringBootContextLoader
17:31:07.916 [main] DEBUG org.springframework.test.context.support.AbstractContextLoader - Did not detect default resource location for test class [com.fluex404.springboot_export_n_import.SpringbootExportNImportApplicationTests]: class path resource [com/fluex404/springboot_export_n_import/SpringbootExportNImportApplicationTests-context.xml] does not exist
17:31:07.916 [main] DEBUG org.springframework.test.context.support.AbstractContextLoader - Did not detect default resource location for test class [com.fluex404.springboot_export_n_import.SpringbootExportNImportApplicationTests]: class path resource [com/fluex404/springboot_export_n_import/SpringbootExportNImportApplicationTestsContext.groovy] does not exist
17:31:07.916 [main] INFO org.springframework.test.context.support.AbstractContextLoader - Could not detect default resource locations for test class [com.fluex404.springboot_export_n_import.SpringbootExportNImportApplicationTests]: no resource found for suffixes {-context.xml, Context.groovy}.
17:31:07.932 [main] INFO org.springframework.test.context.support.AnnotationConfigContextLoaderUtils - Could not detect default configuration classes for test class [com.fluex404.springboot_export_n_import.SpringbootExportNImportApplicationTests]: SpringbootExportNImportApplicationTests does not declare any static, non-private, non-final, nested classes annotated with @Configuration.
17:31:08.019 [main] DEBUG org.springframework.test.context.support.ActiveProfilesUtils - Could not find an 'annotation declaring class' for annotation type [org.springframework.test.context.ActiveProfiles] and class [com.fluex404.springboot_export_n_import.SpringbootExportNImportApplicationTests]
]]></system-out>
  </testcase>
</testsuite>